0 info it worked if it ends with ok
1 verbose cli [ 'C:\\Program Files\\Unity\\Editor\\Data\\Tools\\nodejs\\\\node.exe',
1 verbose cli   'C:\\Program Files\\Unity\\Editor\\Data\\Tools\\nodejs\\node_modules\\npm\\bin\\npm-cli.js',
1 verbose cli   'install',
1 verbose cli   'unity-editor-home.0.0.13.tgz',
1 verbose cli   'unityeditor-cloud-hub-0.0.1.tgz',
1 verbose cli   '--cache=./.npm',
1 verbose cli   '--json' ]
2 info using npm@3.3.3
3 info using node@v0.12.7
4 silly loadCurrentTree Starting
5 silly install loadCurrentTree
6 silly install readLocalPackageData
7 silly fetchPackageMetaData unity-editor-home.0.0.13.tgz
8 silly fetchPackageMetaData unityeditor-cloud-hub-0.0.1.tgz
9 silly fetchNamedPackageData unity-editor-home.0.0.13.tgz
10 silly mapToRegistry name unity-editor-home.0.0.13.tgz
11 silly mapToRegistry using default registry
12 silly mapToRegistry registry https://registry.npmjs.org/
13 silly mapToRegistry uri https://registry.npmjs.org/unity-editor-home.0.0.13.tgz
14 silly fetchNamedPackageData unityeditor-cloud-hub-0.0.1.tgz
15 silly mapToRegistry name unityeditor-cloud-hub-0.0.1.tgz
16 silly mapToRegistry using default registry
17 silly mapToRegistry registry https://registry.npmjs.org/
18 silly mapToRegistry uri https://registry.npmjs.org/unityeditor-cloud-hub-0.0.1.tgz
19 verbose request uri https://registry.npmjs.org/unity-editor-home.0.0.13.tgz
20 verbose request no auth needed
21 info attempt registry request try #1 at 3:58:39 PM
22 verbose request id c0ad66db4d92b2c7
23 http request GET https://registry.npmjs.org/unity-editor-home.0.0.13.tgz
24 verbose request uri https://registry.npmjs.org/unityeditor-cloud-hub-0.0.1.tgz
25 verbose request no auth needed
26 info attempt registry request try #1 at 3:58:40 PM
27 http request GET https://registry.npmjs.org/unityeditor-cloud-hub-0.0.1.tgz
28 http 500 https://registry.npmjs.org/unity-editor-home.0.0.13.tgz
29 info retry will retry, error on last attempt: Error: Registry returned 500 for GET on https://registry.npmjs.org/unity-editor-home.0.0.13.tgz
30 http 404 https://registry.npmjs.org/unityeditor-cloud-hub-0.0.1.tgz
31 verbose headers { 'content-type': 'application/json',
31 verbose headers   'cache-control': 'max-age=0',
31 verbose headers   'content-length': '39',
31 verbose headers   'accept-ranges': 'bytes',
31 verbose headers   date: 'Fri, 26 Aug 2016 12:57:48 GMT',
31 verbose headers   via: '1.1 varnish',
31 verbose headers   age: '0',
31 verbose headers   connection: 'keep-alive',
31 verbose headers   'x-served-by': 'cache-ams4122-AMS',
31 verbose headers   'x-cache': 'MISS',
31 verbose headers   'x-cache-hits': '0',
31 verbose headers   'x-timer': 'S1472216267.638221,VS0,VE1220' }
32 silly get cb [ 404,
32 silly get   { 'content-type': 'application/json',
32 silly get     'cache-control': 'max-age=0',
32 silly get     'content-length': '39',
32 silly get     'accept-ranges': 'bytes',
32 silly get     date: 'Fri, 26 Aug 2016 12:57:48 GMT',
32 silly get     via: '1.1 varnish',
32 silly get     age: '0',
32 silly get     connection: 'keep-alive',
32 silly get     'x-served-by': 'cache-ams4122-AMS',
32 silly get     'x-cache': 'MISS',
32 silly get     'x-cache-hits': '0',
32 silly get     'x-timer': 'S1472216267.638221,VS0,VE1220' } ]
33 silly fetchPackageMetaData Error: package could not be found. : unityeditor-cloud-hub-0.0.1.tgz
33 silly fetchPackageMetaData     at makeError (C:\Program Files\Unity\Editor\Data\Tools\nodejs\node_modules\npm\node_modules\npm-registry-client\lib\request.js:263:12)
33 silly fetchPackageMetaData     at CachingRegistryClient.<anonymous> (C:\Program Files\Unity\Editor\Data\Tools\nodejs\node_modules\npm\node_modules\npm-registry-client\lib\request.js:251:14)
33 silly fetchPackageMetaData     at Request._callback (C:\Program Files\Unity\Editor\Data\Tools\nodejs\node_modules\npm\node_modules\npm-registry-client\lib\request.js:171:14)
33 silly fetchPackageMetaData     at Request.self.callback (C:\Program Files\Unity\Editor\Data\Tools\nodejs\node_modules\npm\node_modules\request\request.js:198:22)
33 silly fetchPackageMetaData     at Request.emit (events.js:110:17)
33 silly fetchPackageMetaData     at Request.<anonymous> (C:\Program Files\Unity\Editor\Data\Tools\nodejs\node_modules\npm\node_modules\request\request.js:1073:14)
33 silly fetchPackageMetaData     at Request.emit (events.js:129:20)
33 silly fetchPackageMetaData     at IncomingMessage.<anonymous> (C:\Program Files\Unity\Editor\Data\Tools\nodejs\node_modules\npm\node_modules\request\request.js:1019:12)
33 silly fetchPackageMetaData     at IncomingMessage.emit (events.js:129:20)
33 silly fetchPackageMetaData     at _stream_readable.js:908:16
33 silly fetchPackageMetaData  error for unityeditor-cloud-hub-0.0.1.tgz { [Error: package could not be found. : unityeditor-cloud-hub-0.0.1.tgz]
33 silly fetchPackageMetaData   pkgid: 'unityeditor-cloud-hub-0.0.1.tgz',
33 silly fetchPackageMetaData   statusCode: 404,
33 silly fetchPackageMetaData   code: 'E404' }
34 info attempt registry request try #2 at 3:58:51 PM
35 http request GET https://registry.npmjs.org/unity-editor-home.0.0.13.tgz
36 http 500 https://registry.npmjs.org/unity-editor-home.0.0.13.tgz
37 info retry will retry, error on last attempt: Error: Registry returned 500 for GET on https://registry.npmjs.org/unity-editor-home.0.0.13.tgz
38 info attempt registry request try #3 at 3:59:53 PM
39 http request GET https://registry.npmjs.org/unity-editor-home.0.0.13.tgz
40 http 500 https://registry.npmjs.org/unity-editor-home.0.0.13.tgz
41 verbose headers { 'content-type': 'application/json',
41 verbose headers   'cache-control': 'max-age=0',
41 verbose headers   'content-length': '71',
41 verbose headers   'accept-ranges': 'bytes',
41 verbose headers   date: 'Fri, 26 Aug 2016 12:59:01 GMT',
41 verbose headers   via: '1.1 varnish',
41 verbose headers   connection: 'keep-alive',
41 verbose headers   'x-served-by': 'cache-ams4142-AMS',
41 verbose headers   'x-cache': 'MISS',
41 verbose headers   'x-cache-hits': '0',
41 verbose headers   'x-timer': 'S1472216340.703421,VS0,VE660' }
42 silly get cb [ 500,
42 silly get   { 'content-type': 'application/json',
42 silly get     'cache-control': 'max-age=0',
42 silly get     'content-length': '71',
42 silly get     'accept-ranges': 'bytes',
42 silly get     date: 'Fri, 26 Aug 2016 12:59:01 GMT',
42 silly get     via: '1.1 varnish',
42 silly get     connection: 'keep-alive',
42 silly get     'x-served-by': 'cache-ams4142-AMS',
42 silly get     'x-cache': 'MISS',
42 silly get     'x-cache-hits': '0',
42 silly get     'x-timer': 'S1472216340.703421,VS0,VE660' } ]
43 silly fetchPackageMetaData Error: Registry returned 500 for GET on https://registry.npmjs.org/unity-editor-home.0.0.13.tgz
43 silly fetchPackageMetaData     at makeError (C:\Program Files\Unity\Editor\Data\Tools\nodejs\node_modules\npm\node_modules\npm-registry-client\lib\request.js:263:12)
43 silly fetchPackageMetaData     at CachingRegistryClient.<anonymous> (C:\Program Files\Unity\Editor\Data\Tools\nodejs\node_modules\npm\node_modules\npm-registry-client\lib\request.js:241:14)
43 silly fetchPackageMetaData     at Request._callback (C:\Program Files\Unity\Editor\Data\Tools\nodejs\node_modules\npm\node_modules\npm-registry-client\lib\request.js:171:14)
43 silly fetchPackageMetaData     at Request.self.callback (C:\Program Files\Unity\Editor\Data\Tools\nodejs\node_modules\npm\node_modules\request\request.js:198:22)
43 silly fetchPackageMetaData     at Request.emit (events.js:110:17)
43 silly fetchPackageMetaData     at Request.<anonymous> (C:\Program Files\Unity\Editor\Data\Tools\nodejs\node_modules\npm\node_modules\request\request.js:1073:14)
43 silly fetchPackageMetaData     at Request.emit (events.js:129:20)
43 silly fetchPackageMetaData     at IncomingMessage.<anonymous> (C:\Program Files\Unity\Editor\Data\Tools\nodejs\node_modules\npm\node_modules\request\request.js:1019:12)
43 silly fetchPackageMetaData     at IncomingMessage.emit (events.js:129:20)
43 silly fetchPackageMetaData     at _stream_readable.js:908:16
43 silly fetchPackageMetaData  error for unity-editor-home.0.0.13.tgz { [Error: Registry returned 500 for GET on https://registry.npmjs.org/unity-editor-home.0.0.13.tgz]
43 silly fetchPackageMetaData   pkgid: 'unity-editor-home.0.0.13.tgz',
43 silly fetchPackageMetaData   statusCode: 500,
43 silly fetchPackageMetaData   code: 'E500' }
44 silly rollbackFailedOptional Starting
45 silly rollbackFailedOptional Finishing
46 silly runTopLevelLifecycles Starting
47 silly runTopLevelLifecycles Finishing
48 silly install printInstalled
49 verbose stack Error: package could not be found. : unityeditor-cloud-hub-0.0.1.tgz
49 verbose stack     at makeError (C:\Program Files\Unity\Editor\Data\Tools\nodejs\node_modules\npm\node_modules\npm-registry-client\lib\request.js:263:12)
49 verbose stack     at CachingRegistryClient.<anonymous> (C:\Program Files\Unity\Editor\Data\Tools\nodejs\node_modules\npm\node_modules\npm-registry-client\lib\request.js:251:14)
49 verbose stack     at Request._callback (C:\Program Files\Unity\Editor\Data\Tools\nodejs\node_modules\npm\node_modules\npm-registry-client\lib\request.js:171:14)
49 verbose stack     at Request.self.callback (C:\Program Files\Unity\Editor\Data\Tools\nodejs\node_modules\npm\node_modules\request\request.js:198:22)
49 verbose stack     at Request.emit (events.js:110:17)
49 verbose stack     at Request.<anonymous> (C:\Program Files\Unity\Editor\Data\Tools\nodejs\node_modules\npm\node_modules\request\request.js:1073:14)
49 verbose stack     at Request.emit (events.js:129:20)
49 verbose stack     at IncomingMessage.<anonymous> (C:\Program Files\Unity\Editor\Data\Tools\nodejs\node_modules\npm\node_modules\request\request.js:1019:12)
49 verbose stack     at IncomingMessage.emit (events.js:129:20)
49 verbose stack     at _stream_readable.js:908:16
50 verbose statusCode 404
51 verbose pkgid unityeditor-cloud-hub-0.0.1.tgz
52 verbose cwd C:\Users\yuvadius\Desktop\Github\need4bit
53 error Windows_NT 6.3.9600
54 error argv "C:\\Program Files\\Unity\\Editor\\Data\\Tools\\nodejs\\\\node.exe" "C:\\Program Files\\Unity\\Editor\\Data\\Tools\\nodejs\\node_modules\\npm\\bin\\npm-cli.js" "install" "unity-editor-home.0.0.13.tgz" "unityeditor-cloud-hub-0.0.1.tgz" "--cache=./.npm" "--json"
55 error node v0.12.7
56 error npm  v3.3.3
57 error code E404
58 error 404 package could not be found. : unityeditor-cloud-hub-0.0.1.tgz
58 error 404
58 error 404 'unityeditor-cloud-hub-0.0.1.tgz' is not in the npm registry.
58 error 404 You should bug the author to publish it (or use the name yourself!)
58 error 404
58 error 404 Note that you can also install from a
58 error 404 tarball, folder, http url, or git url.
59 verbose exit [ 1, true ]
